ISim log file
Running: C:\Users\Michal\Desktop\Swing Copters\graphic\testvga_isim_beh.exe -intstyle ise -gui -tclbatch isim.cmd -wdb C:/Users/Michal/Desktop/Swing Copters/graphic/testvga_isim_beh.wdb 
ISim P.68d (signature 0x7708f090)
----------------------------------------------------------------------
INFO:Security:61 - The XILINXD_LICENSE_FILE environment variable is not set.
INFO:Security:63 - The LM_LICENSE_FILE environment variable is not set.
INFO:Security:68 - For more information or for assistance in obtaining 
 a license, please run the Xilinx License Configuration Manager
       (xlcm or "Manage Xilinx Licenses".)
INFO:Security:68a - user is Michal, on host MICHAL.
ERROR:Security:14 - No feature was available for 'ISIM'.

Cannot connect to license server system.
 The license server manager (lmgrd) has not been started yet,
 the wrong port@host or license file is being used, or the
 port or hostname in the license file has been changed.
Feature:       ISIM
Server name:   localhost
License path:  C:/.Xilinx\Xilinx.lic;C:\Xilinx\14.6\ISE_DS\ISE\/coregen/core_licenses\Xilinx.lic;C:\Xilinx\14.6\ISE_DS\ISE\/coregen/core_licenses\XilinxFree.lic;C:\Xilinx\14.6\ISE_DS\EDK/data/core_licenses\Xilinx.lic;@localhost;
FLEXnet Licensing error:-15,570
For further information, refer to the FLEXnet Licensing documentation,
available at "www.flexerasoftware.com".
----------------------------------------------------------------------
WARNING: A full ISim License cannot be checked out due to the issues listed above. Please use Xilinx License Configuration Manager to fix these issues in order to check out a full ISim license.
WARNING: ISim will run in Lite mode. Please refer to the ISim documentation for more information on the differences between the Lite and the Full version.
This is a Lite version of ISim.
Time resolution is 1 ps
# onerror resume
# wave add /
# run 1000 ns
Simulator is doing circuit initialization process.
at 0 ps, Instance /testvga/uut/ : Warning: NUMERIC_STD."=": metavalue detected, returning FALSE
at 0 ps, Instance /testvga/uut/ : Warning: NUMERIC_STD."=": metavalue detected, returning FALSE
at 0 ps, Instance /testvga/uut/ : Warning: NUMERIC_STD.">=": metavalue detected, returning FALSE
at 0 ps, Instance /testvga/uut/ : Warning: NUMERIC_STD.">=": metavalue detected, returning FALSE
at 0 ps, Instance /testvga/uut/ : Warning: NUMERIC_STD."<": metavalue detected, returning FALSE
Finished circuit initialization process.
ISim P.68d (signature 0x7708f090)
----------------------------------------------------------------------
INFO:Security:61 - The XILINXD_LICENSE_FILE environment variable is not set.
INFO:Security:63 - The LM_LICENSE_FILE environment variable is not set.
INFO:Security:68 - For more information or for assistance in obtaining 
 a license, please run the Xilinx License Configuration Manager
       (xlcm or "Manage Xilinx Licenses".)
INFO:Security:68a - user is Michal, on host MICHAL.
ERROR:Security:14 - No feature was available for 'ISIM'.

Cannot connect to license server system.
 The license server manager (lmgrd) has not been started yet,
 the wrong port@host or license file is being used, or the
 port or hostname in the license file has been changed.
Feature:       ISIM
Server name:   localhost
License path:  C:/.Xilinx\Xilinx.lic;C:\Xilinx\14.6\ISE_DS\ISE\/coregen/core_licenses\Xilinx.lic;C:\Xilinx\14.6\ISE_DS\ISE\/coregen/core_licenses\XilinxFree.lic;C:\Xilinx\14.6\ISE_DS\EDK/data/core_licenses\Xilinx.lic;@localhost;
FLEXnet Licensing error:-15,570
For further information, refer to the FLEXnet Licensing documentation,
available at "www.flexerasoftware.com".
----------------------------------------------------------------------
WARNING: A full ISim License cannot be checked out due to the issues listed above. Please use Xilinx License Configuration Manager to fix these issues in order to check out a full ISim license.
WARNING: ISim will run in Lite mode. Please refer to the ISim documentation for more information on the differences between the Lite and the Full version.
This is a Lite version of ISim.
# run 1000 ns
Simulator is doing circuit initialization process.
at 0 ps, Instance /testvga/uut/ : Warning: NUMERIC_STD."=": metavalue detected, returning FALSE
at 0 ps, Instance /testvga/uut/ : Warning: NUMERIC_STD."=": metavalue detected, returning FALSE
at 0 ps, Instance /testvga/uut/ : Warning: NUMERIC_STD.">=": metavalue detected, returning FALSE
at 0 ps, Instance /testvga/uut/ : Warning: NUMERIC_STD.">=": metavalue detected, returning FALSE
at 0 ps, Instance /testvga/uut/ : Warning: NUMERIC_STD."<": metavalue detected, returning FALSE
Finished circuit initialization process.
# run all
Stopped at time : 153161675 ns : File "C:/Users/Michal/Desktop/Swing Copters/graphic/vga_sync.vhd" Line 54
ISim P.68d (signature 0x7708f090)
----------------------------------------------------------------------
INFO:Security:61 - The XILINXD_LICENSE_FILE environment variable is not set.
INFO:Security:63 - The LM_LICENSE_FILE environment variable is not set.
INFO:Security:68 - For more information or for assistance in obtaining 
 a license, please run the Xilinx License Configuration Manager
       (xlcm or "Manage Xilinx Licenses".)
INFO:Security:68a - user is Michal, on host MICHAL.
ERROR:Security:14 - No feature was available for 'ISIM'.

Cannot connect to license server system.
 The license server manager (lmgrd) has not been started yet,
 the wrong port@host or license file is being used, or the
 port or hostname in the license file has been changed.
Feature:       ISIM
Server name:   localhost
License path:  C:/.Xilinx\Xilinx.lic;C:\Xilinx\14.6\ISE_DS\ISE\/coregen/core_licenses\Xilinx.lic;C:\Xilinx\14.6\ISE_DS\ISE\/coregen/core_licenses\XilinxFree.lic;C:\Xilinx\14.6\ISE_DS\EDK/data/core_licenses\Xilinx.lic;@localhost;
FLEXnet Licensing error:-15,570
For further information, refer to the FLEXnet Licensing documentation,
available at "www.flexerasoftware.com".
----------------------------------------------------------------------
WARNING: A full ISim License cannot be checked out due to the issues listed above. Please use Xilinx License Configuration Manager to fix these issues in order to check out a full ISim license.
WARNING: ISim will run in Lite mode. Please refer to the ISim documentation for more information on the differences between the Lite and the Full version.
This is a Lite version of ISim.
# run 1000 ns
Simulator is doing circuit initialization process.
at 0 ps, Instance /testvga/uut/ : Warning: NUMERIC_STD."=": metavalue detected, returning FALSE
at 0 ps, Instance /testvga/uut/ : Warning: NUMERIC_STD."=": metavalue detected, returning FALSE
at 0 ps, Instance /testvga/uut/ : Warning: NUMERIC_STD.">=": metavalue detected, returning FALSE
at 0 ps, Instance /testvga/uut/ : Warning: NUMERIC_STD.">=": metavalue detected, returning FALSE
at 0 ps, Instance /testvga/uut/ : Warning: NUMERIC_STD."<": metavalue detected, returning FALSE
Finished circuit initialization process.
# run all
Stopped at time : 82176565 ns : File "C:/Users/Michal/Desktop/Swing Copters/graphic/testvga.vhd" Line 87
