#-----------------------------------------------------------
# PlanAhead v14.6 (64-bit)
# Build 269223 by xbuild on Wed Jun  5 11:14:03 MDT 2013
# Start of session at: Thu Nov 12 21:13:06 2015
# Process ID: 14572
# Log file: C:/Users/Morrisiak/Desktop/Swing Copters/graphic/planAhead_run_1/planAhead.log
# Journal file: C:/Users/Morrisiak/Desktop/Swing Copters/graphic/planAhead_run_1/planAhead.jou
#-----------------------------------------------------------
INFO: [Common 17-78] Attempting to get a license: PlanAhead
INFO: [Common 17-290] Got license for PlanAhead
INFO: [Device 21-36] Loading parts and site information from E:/Xilinx/14.6/ISE_DS/PlanAhead/data/parts/arch.xml
Parsing RTL primitives file [E:/Xilinx/14.6/ISE_DS/PlanAhead/data/parts/xilinx/rtl/prims/rtl_prims.xml]
Finished parsing RTL primitives file [E:/Xilinx/14.6/ISE_DS/PlanAhead/data/parts/xilinx/rtl/prims/rtl_prims.xml]
start_gui
source {C:/Users/Morrisiak/Desktop/Swing Copters/graphic/pa.fromHdl.tcl}
# create_project -name graphic -dir "C:/Users/Morrisiak/Desktop/Swing Copters/graphic/planAhead_run_1" -part xc3s200ft256-5
# set_param project.pinAheadLayout yes
# set srcset [get_property srcset [current_run -impl]]
# set_property target_constrs_file "top.ucf" [current_fileset -constrset]
Adding file 'C:/Users/Morrisiak/Desktop/Swing Copters/graphic/top.ucf' to fileset 'constrs_1'
# set hdlfile [add_files [list {vga_sync.vhd}]]
# set_property file_type VHDL $hdlfile
# set_property library work $hdlfile
# set hdlfile [add_files [list {rom_1.vhd}]]
# set_property file_type VHDL $hdlfile
# set_property library work $hdlfile
# set hdlfile [add_files [list {top.vhd}]]
# set_property file_type VHDL $hdlfile
# set_property library work $hdlfile
# set_property top top $srcset
# add_files [list {top.ucf}] -fileset [get_property constrset [current_run]]
# open_rtl_design -part xc3s200ft256-5
Using Verific elaboration
Parsing VHDL file "E:/Xilinx/14.6/ISE_DS/PlanAhead/data/parts/xilinx/rtl/lib/synplify/synattr.vhd" into library synplify
Parsing VHDL file "E:/Xilinx/14.6/ISE_DS/PlanAhead/data/parts/xilinx/rtl/lib/synplify/synattr.vhd" into library synplify
Parsing VHDL file "C:/Users/Morrisiak/Desktop/Swing Copters/graphic/vga_sync.vhd" into library work
Parsing VHDL file "C:/Users/Morrisiak/Desktop/Swing Copters/graphic/rom_1.vhd" into library work
Parsing VHDL file "C:/Users/Morrisiak/Desktop/Swing Copters/graphic/top.vhd" into library work
INFO: [Designutils 20-910] Reading macro library E:/Xilinx/14.6/ISE_DS/PlanAhead/data\./parts/xilinx/spartan3/hd_int_macros.edn
Parsing EDIF File [E:/Xilinx/14.6/ISE_DS/PlanAhead/data\./parts/xilinx/spartan3/hd_int_macros.edn]
Finished Parsing EDIF File [E:/Xilinx/14.6/ISE_DS/PlanAhead/data\./parts/xilinx/spartan3/hd_int_macros.edn]
Loading clock regions from E:/Xilinx/14.6/ISE_DS/PlanAhead/data\parts/xilinx/spartan3/spartan3/xc3s200/ClockRegion.xml
Loading clock buffers from E:/Xilinx/14.6/ISE_DS/PlanAhead/data\parts/xilinx/spartan3/spartan3/xc3s200/ClockBuffers.xml
Loading package from E:/Xilinx/14.6/ISE_DS/PlanAhead/data\parts/xilinx/spartan3/spartan3/xc3s200/ft256/Package.xml
Loading io standards from E:/Xilinx/14.6/ISE_DS/PlanAhead/data\./parts/xilinx/spartan3/IOStandards.xml
INFO: [Device 21-19] Loading pkg sso from E:/Xilinx/14.6/ISE_DS/PlanAhead/data\parts/xilinx/spartan3/spartan3/xc3s200/ft256/SSORules.xml
Loading list of drcs for the architecture : E:/Xilinx/14.6/ISE_DS/PlanAhead/data\./parts/xilinx/spartan3/drc.xml
INFO: [Timing 38-77] Reading timing library E:/Xilinx/14.6/ISE_DS/PlanAhead/data\parts/xilinx/spartan3/spartan3/spartan3-5.lib.
INFO: [Timing 38-34] Done reading timing library E:/Xilinx/14.6/ISE_DS/PlanAhead/data\parts/xilinx/spartan3/spartan3/spartan3-5.lib.
Parsing UCF File [C:/Users/Morrisiak/Desktop/Swing Copters/graphic/top.ucf]
Finished Parsing UCF File [C:/Users/Morrisiak/Desktop/Swing Copters/graphic/top.ucf]
INFO: [Project 1-111] Unisim Transformation Summary:
No Unisim elements were transformed.

Phase 0 | Netlist Checksum: 255d6c04
open_rtl_design: Time (s): elapsed = 00:00:05 . Memory (MB): peak = 525.973 ; gain = 116.004
update_compile_order -fileset sim_1
startgroup
set_property package_pin R12 [get_ports {rgb[2]}]
endgroup
startgroup
set_property package_pin T12 [get_ports {rgb[1]}]
endgroup
startgroup
set_property package_pin R11 [get_ports {rgb[0]}]
endgroup
startgroup
set_property package_pin T9 [get_ports clk]
endgroup
startgroup
set_property package_pin R9 [get_ports hsync]
endgroup
startgroup
set_property package_pin T10 [get_ports vsync]
endgroup
save_constraints
exit
ERROR: [PlanAhead 12-106] *** Exception: ui.h.b: Found deleted key in HTclEventBroker. Verify if the classes listed here call cleanup()
HTclEvent: DEBUG_PORT_CONFIG_CHANGE   Classes: ui.views.aR 
HTclEvent: DEBUG_CORE_CONFIG_CHANGE   Classes: ui.views.aR 
HTclEvent: SIGNAL_BUS_MODIFY   Classes: ui.views.aR 
HTclEvent: SIGNAL_MODIFY   Classes: ui.views.aR 
 (See C:/Users/Morrisiak/Desktop/Swing Copters/graphic\planAhead_pid14572.debug)
ERROR: [Common 17-39] 'stop_gui' failed due to earlier errors.
INFO: [Common 17-206] Exiting PlanAhead at Thu Nov 12 21:14:31 2015...
INFO: [Common 17-83] Releasing license: PlanAhead
